2024-05-09 19:23:16,709 INFO o.a.j.u.JMeterUtils: Setting Locale to en_EN
2024-05-09 19:23:16,720 INFO o.a.j.JMeter: Loading user properties from: C:\jmeter\bin\user.properties
2024-05-09 19:23:16,720 INFO o.a.j.JMeter: Loading system properties from: C:\jmeter\bin\system.properties
2024-05-09 19:23:16,723 INFO o.a.j.JMeter: Copyright (c) 1998-2024 The Apache Software Foundation
2024-05-09 19:23:16,723 INFO o.a.j.JMeter: Version 5.6.3
2024-05-09 19:23:16,723 INFO o.a.j.JMeter: java.version=11.0.18
2024-05-09 19:23:16,723 INFO o.a.j.JMeter: java.vm.name=Java HotSpot(TM) 64-Bit Server VM
2024-05-09 19:23:16,723 INFO o.a.j.JMeter: os.name=Windows 10
2024-05-09 19:23:16,723 INFO o.a.j.JMeter: os.arch=amd64
2024-05-09 19:23:16,723 INFO o.a.j.JMeter: os.version=10.0
2024-05-09 19:23:16,723 INFO o.a.j.JMeter: file.encoding=Cp1252
2024-05-09 19:23:16,723 INFO o.a.j.JMeter: java.awt.headless=true
2024-05-09 19:23:16,723 INFO o.a.j.JMeter: Max memory     =1073741824
2024-05-09 19:23:16,724 INFO o.a.j.JMeter: Available Processors =12
2024-05-09 19:23:16,730 INFO o.a.j.JMeter: Default Locale=English (EN)
2024-05-09 19:23:16,731 INFO o.a.j.JMeter: JMeter  Locale=English (EN)
2024-05-09 19:23:16,731 INFO o.a.j.JMeter: JMeterHome=C:\jmeter
2024-05-09 19:23:16,731 INFO o.a.j.JMeter: user.dir  =C:\Users\rayte\OneDrive\Documentos\jmeter
2024-05-09 19:23:16,731 INFO o.a.j.JMeter: PWD       =C:\Users\rayte\OneDrive\Documentos\jmeter
2024-05-09 19:23:21,301 INFO o.a.j.JMeter: IP: 26.51.110.86 Name: DESKTOP-9B0OFON FullName: DESKTOP-9B0OFON
2024-05-09 19:23:21,309 INFO o.a.j.JMeter: Setting property 'jmeter.reportgenerator.outputdir' to:'C:\Users\rayte\OneDrive\Documentos\jmeter\dashboard'
2024-05-09 19:23:21,310 INFO o.a.j.s.FileServer: Default base='C:\Users\rayte\OneDrive\Documentos\jmeter'
2024-05-09 19:23:21,311 INFO o.a.j.s.FileServer: Set new base='C:\Users\rayte\OneDrive\Documentos\jmeter'
2024-05-09 19:23:21,385 INFO o.a.j.s.SaveService: Testplan (JMX) version: 2.2. Testlog (JTL) version: 2.2
2024-05-09 19:23:21,397 INFO o.a.j.s.SaveService: Using SaveService properties version 5.0
2024-05-09 19:23:21,399 INFO o.a.j.s.SaveService: Using SaveService properties file encoding UTF-8
2024-05-09 19:23:21,400 INFO o.a.j.s.SaveService: Loading file: testar_performance.jmx
2024-05-09 19:23:21,430 INFO o.a.j.p.h.s.HTTPSamplerBase: Parser for text/html is org.apache.jmeter.protocol.http.parser.LagartoBasedHtmlParser
2024-05-09 19:23:21,430 INFO o.a.j.p.h.s.HTTPSamplerBase: Parser for application/xhtml+xml is org.apache.jmeter.protocol.http.parser.LagartoBasedHtmlParser
2024-05-09 19:23:21,430 INFO o.a.j.p.h.s.HTTPSamplerBase: Parser for application/xml is org.apache.jmeter.protocol.http.parser.LagartoBasedHtmlParser
2024-05-09 19:23:21,430 INFO o.a.j.p.h.s.HTTPSamplerBase: Parser for text/xml is org.apache.jmeter.protocol.http.parser.LagartoBasedHtmlParser
2024-05-09 19:23:21,431 INFO o.a.j.p.h.s.HTTPSamplerBase: Parser for text/vnd.wap.wml is org.apache.jmeter.protocol.http.parser.RegexpHTMLParser
2024-05-09 19:23:21,431 INFO o.a.j.p.h.s.HTTPSamplerBase: Parser for text/css is org.apache.jmeter.protocol.http.parser.CssParser
2024-05-09 19:23:21,442 INFO o.a.j.JMeter: Creating summariser <summary>
2024-05-09 19:23:21,445 INFO o.a.j.r.d.ReportGenerator: ReportGenerator will use for Parsing the separator: ','
2024-05-09 19:23:21,445 INFO o.a.j.r.d.ReportGenerator: Will generate report at end of test from  results file: resultado.jtl
2024-05-09 19:23:21,446 INFO o.a.j.r.d.ReportGenerator: Reading report generator properties from: C:\jmeter\bin\reportgenerator.properties
2024-05-09 19:23:21,446 INFO o.a.j.r.d.ReportGenerator: Merging with JMeter properties
2024-05-09 19:23:21,448 INFO o.a.j.r.c.ReportGeneratorConfiguration: Property 'jmeter.reportgenerator.temp_dir' not found, using default value 'temp' instead.
2024-05-09 19:23:21,449 INFO o.a.j.r.c.ReportGeneratorConfiguration: Property 'jmeter.reportgenerator.apdex_per_transaction' not found, using default value 'null' instead.
2024-05-09 19:23:21,449 INFO o.a.j.r.c.ReportGeneratorConfiguration: apdex_per_transaction is empty, not APDEX per transaction customization
2024-05-09 19:23:21,449 INFO o.a.j.r.c.ReportGeneratorConfiguration: Property 'jmeter.reportgenerator.sample_filter' not found, using default value 'null' instead.
2024-05-09 19:23:21,449 INFO o.a.j.r.c.ReportGeneratorConfiguration: Property 'jmeter.reportgenerator.report_title' not found, using default value 'null' instead.
2024-05-09 19:23:21,449 INFO o.a.j.r.c.ReportGeneratorConfiguration: Property 'jmeter.reportgenerator.start_date' not found, using default value 'null' instead.
2024-05-09 19:23:21,449 INFO o.a.j.r.c.ReportGeneratorConfiguration: Property 'jmeter.reportgenerator.end_date' not found, using default value 'null' instead.
2024-05-09 19:23:21,450 INFO o.a.j.r.c.ReportGeneratorConfiguration: Property 'jmeter.reportgenerator.date_format' not found, using default value 'null' instead.
2024-05-09 19:23:21,450 INFO o.a.j.r.c.ReportGeneratorConfiguration: Will use date range start date: null, end date: null
2024-05-09 19:23:21,452 INFO o.a.j.r.c.ReportGeneratorConfiguration: Property 'jmeter.reportgenerator.graph.totalTPS.exclude_controllers' not found, using default value 'false' instead.
2024-05-09 19:23:21,452 INFO o.a.j.r.c.ReportGeneratorConfiguration: Property 'jmeter.reportgenerator.graph.activeThreadsOverTime.exclude_controllers' not found, using default value 'false' instead.
2024-05-09 19:23:21,452 INFO o.a.j.r.c.ReportGeneratorConfiguration: Property 'jmeter.reportgenerator.graph.timeVsThreads.exclude_controllers' not found, using default value 'false' instead.
2024-05-09 19:23:21,452 INFO o.a.j.r.c.ReportGeneratorConfiguration: Property 'jmeter.reportgenerator.graph.responseTimeDistribution.exclude_controllers' not found, using default value 'false' instead.
2024-05-09 19:23:21,452 INFO o.a.j.r.c.ReportGeneratorConfiguration: Property 'jmeter.reportgenerator.graph.transactionsPerSecond.exclude_controllers' not found, using default value 'false' instead.
2024-05-09 19:23:21,452 INFO o.a.j.r.c.ReportGeneratorConfiguration: Property 'jmeter.reportgenerator.graph.responseTimePercentiles.exclude_controllers' not found, using default value 'false' instead.
2024-05-09 19:23:21,452 INFO o.a.j.r.c.ReportGeneratorConfiguration: Property 'jmeter.reportgenerator.graph.responseTimePercentilesOverTime.exclude_controllers' not found, using default value 'false' instead.
2024-05-09 19:23:21,452 INFO o.a.j.r.c.ReportGeneratorConfiguration: Property 'jmeter.reportgenerator.graph.responseTimesOverTime.exclude_controllers' not found, using default value 'false' instead.
2024-05-09 19:23:21,452 INFO o.a.j.r.c.ReportGeneratorConfiguration: Property 'jmeter.reportgenerator.graph.connectTimeOverTime.exclude_controllers' not found, using default value 'false' instead.
2024-05-09 19:23:21,452 INFO o.a.j.r.c.ReportGeneratorConfiguration: Property 'jmeter.reportgenerator.graph.latenciesOverTime.exclude_controllers' not found, using default value 'false' instead.
2024-05-09 19:23:21,453 INFO o.a.j.r.c.ReportGeneratorConfiguration: Property 'jmeter.reportgenerator.exporter.json.filters_only_sample_series' not found, using default value 'true' instead.
2024-05-09 19:23:21,453 INFO o.a.j.r.c.ReportGeneratorConfiguration: Property 'jmeter.reportgenerator.exporter.json.series_filter' not found, using default value '' instead.
2024-05-09 19:23:21,453 INFO o.a.j.r.c.ReportGeneratorConfiguration: Property 'jmeter.reportgenerator.exporter.json.show_controllers_only' not found, using default value 'false' instead.
2024-05-09 19:23:21,453 INFO o.a.j.r.c.ReportGeneratorConfiguration: Property 'jmeter.reportgenerator.exporter.html.filters_only_sample_series' not found, using default value 'true' instead.
2024-05-09 19:23:21,453 INFO o.a.j.r.c.ReportGeneratorConfiguration: Property 'jmeter.reportgenerator.exporter.html.series_filter' not found, using default value '' instead.
2024-05-09 19:23:21,453 INFO o.a.j.r.c.ReportGeneratorConfiguration: Property 'jmeter.reportgenerator.exporter.html.show_controllers_only' not found, using default value 'false' instead.
2024-05-09 19:23:21,460 INFO o.a.j.e.StandardJMeterEngine: Running the test!
2024-05-09 19:23:21,460 INFO o.a.j.s.SampleEvent: List of sample_variables: []
2024-05-09 19:23:21,460 INFO o.a.j.s.SampleEvent: List of sample_variables: []
2024-05-09 19:23:21,465 INFO o.a.j.e.u.CompoundVariable: Note: Function class names must contain the string: '.functions.'
2024-05-09 19:23:21,465 INFO o.a.j.e.u.CompoundVariable: Note: Function class names must not contain the string: '.gui.'
2024-05-09 19:23:21,587 INFO o.a.j.r.ClassFinder: Will scan jar C:\jmeter\lib\ext\jmeter-plugins-casutg-2.10.jar with filter ExtendsClassFilter [parents=[interface org.apache.jmeter.functions.Function], inner=false, contains=null, notContains=null]. Consider exposing JMeter plugins via META-INF/services, and add JMeter-Skip-Class-Scanning=true manifest attribute so JMeter can skip classfile scanning
2024-05-09 19:23:21,595 INFO o.a.j.r.ClassFinder: Will scan jar C:\jmeter\lib\ext\jmeter-plugins-manager-1.10.jar with filter ExtendsClassFilter [parents=[interface org.apache.jmeter.functions.Function], inner=false, contains=null, notContains=null]. Consider exposing JMeter plugins via META-INF/services, and add JMeter-Skip-Class-Scanning=true manifest attribute so JMeter can skip classfile scanning
2024-05-09 19:23:21,642 INFO o.a.j.r.ClassFinder: Will scan jar C:\jmeter\lib\ext\jmeter-plugins-manager-0.20.jar with filter ExtendsClassFilter [parents=[interface org.apache.jmeter.functions.Function], inner=false, contains=null, notContains=null]. Consider exposing JMeter plugins via META-INF/services, and add JMeter-Skip-Class-Scanning=true manifest attribute so JMeter can skip classfile scanning
2024-05-09 19:23:21,644 INFO o.a.j.r.ClassFinder: Will scan jar C:\jmeter\lib\ext\jmeter-plugins-graphs-basic-2.0.jar with filter ExtendsClassFilter [parents=[interface org.apache.jmeter.functions.Function], inner=false, contains=null, notContains=null]. Consider exposing JMeter plugins via META-INF/services, and add JMeter-Skip-Class-Scanning=true manifest attribute so JMeter can skip classfile scanning
2024-05-09 19:23:21,654 INFO o.a.j.JMeter: Running test (1715293401654)
2024-05-09 19:23:21,661 INFO o.a.j.e.StandardJMeterEngine: Starting ThreadGroup: 1 : Thread Group
2024-05-09 19:23:21,662 INFO o.a.j.e.StandardJMeterEngine: Starting 200 threads for group Thread Group.
2024-05-09 19:23:21,662 INFO o.a.j.e.StandardJMeterEngine: Thread will continue on error
2024-05-09 19:23:21,662 INFO o.a.j.t.ThreadGroup: Starting thread group... number=1 threads=200 ramp-up=1 delayedStart=false
2024-05-09 19:23:21,668 INFO o.a.j.t.JMeterThread: Thread started: Thread Group 1-1
2024-05-09 19:23:21,671 INFO o.a.j.t.JMeterThread: Thread started: Thread Group 1-2
2024-05-09 19:23:21,676 INFO o.a.j.t.JMeterThread: Thread started: Thread Group 1-3
2024-05-09 19:23:21,679 INFO o.a.j.p.h.s.HTTPHCAbstractImpl: Local host = DESKTOP-9B0OFON
2024-05-09 19:23:21,680 INFO o.a.j.t.JMeterThread: Thread started: Thread Group 1-4
2024-05-09 19:23:21,682 INFO o.a.j.p.h.s.HTTPHC4Impl: HTTP request retry count = 0
2024-05-09 19:23:21,684 INFO o.a.j.t.JMeterThread: Thread started: Thread Group 1-5
2024-05-09 19:23:21,684 INFO o.a.j.s.SampleResult: Note: Sample TimeStamps are START times
2024-05-09 19:23:21,684 INFO o.a.j.s.SampleResult: sampleresult.default.encoding is set to UTF-8
2024-05-09 19:23:21,684 INFO o.a.j.s.SampleResult: sampleresult.useNanoTime=true
2024-05-09 19:23:21,684 INFO o.a.j.s.SampleResult: sampleresult.nanoThreadSleep=5000
2024-05-09 19:23:21,688 INFO o.a.j.t.JMeterThread: Thread started: Thread Group 1-6
2024-05-09 19:23:21,693 INFO o.a.j.t.JMeterThread: Thread started: Thread Group 1-7
2024-05-09 19:23:21,696 INFO o.a.j.t.ThreadGroup: Started thread group number 1
2024-05-09 19:23:21,696 INFO o.a.j.e.StandardJMeterEngine: All thread groups have been started
2024-05-09 19:23:21,698 INFO o.a.j.t.JMeterThread: Thread started: Thread Group 1-8
2024-05-09 19:23:21,703 INFO o.a.j.t.JMeterThread: Thread started: Thread Group 1-9
2024-05-09 19:23:21,707 INFO o.a.j.t.JMeterThread: Thread started: Thread Group 1-10
2024-05-09 19:23:21,712 INFO o.a.j.t.JMeterThread: Thread started: Thread Group 1-11
2024-05-09 19:23:21,717 INFO o.a.j.t.JMeterThread: Thread started: Thread Group 1-12
2024-05-09 19:23:21,723 INFO o.a.j.t.JMeterThread: Thread started: Thread Group 1-13
2024-05-09 19:23:21,727 INFO o.a.j.t.JMeterThread: Thread started: Thread Group 1-14
2024-05-09 19:23:21,733 INFO o.a.j.t.JMeterThread: Thread started: Thread Group 1-15
2024-05-09 19:23:21,739 INFO o.a.j.t.JMeterThread: Thread started: Thread Group 1-16
2024-05-09 19:23:21,743 INFO o.a.j.t.JMeterThread: Thread started: Thread Group 1-17
2024-05-09 19:23:21,744 INFO o.a.j.p.h.s.h.LazyLayeredConnectionSocketFactory: Setting up HTTPS TrustAll Socket Factory
2024-05-09 19:23:21,748 INFO o.a.j.t.JMeterThread: Thread started: Thread Group 1-18
2024-05-09 19:23:21,748 INFO o.a.j.u.JsseSSLManager: Using default SSL protocol: TLS
2024-05-09 19:23:21,748 INFO o.a.j.u.JsseSSLManager: SSL session context: per-thread
2024-05-09 19:23:21,753 INFO o.a.j.t.JMeterThread: Thread started: Thread Group 1-19
2024-05-09 19:23:21,758 INFO o.a.j.t.JMeterThread: Thread started: Thread Group 1-20
2024-05-09 19:23:21,763 INFO o.a.j.t.JMeterThread: Thread started: Thread Group 1-21
2024-05-09 19:23:21,769 INFO o.a.j.t.JMeterThread: Thread started: Thread Group 1-22
2024-05-09 19:23:21,774 INFO o.a.j.t.JMeterThread: Thread started: Thread Group 1-23
2024-05-09 19:23:21,778 INFO o.a.j.t.JMeterThread: Thread started: Thread Group 1-24
2024-05-09 19:23:21,783 INFO o.a.j.t.JMeterThread: Thread started: Thread Group 1-25
2024-05-09 19:23:21,788 INFO o.a.j.t.JMeterThread: Thread started: Thread Group 1-26
2024-05-09 19:23:21,793 INFO o.a.j.t.JMeterThread: Thread started: Thread Group 1-27
2024-05-09 19:23:21,798 INFO o.a.j.t.JMeterThread: Thread started: Thread Group 1-28
2024-05-09 19:23:21,799 INFO o.a.j.u.SSLManager: JmeterKeyStore Location:  type JKS
2024-05-09 19:23:21,802 INFO o.a.j.u.SSLManager: KeyStore created OK
2024-05-09 19:23:21,802 WARN o.a.j.u.SSLManager: Keystore file not found, loading empty keystore
2024-05-09 19:23:21,804 INFO o.a.j.t.JMeterThread: Thread started: Thread Group 1-29
2024-05-09 19:23:21,809 INFO o.a.j.t.JMeterThread: Thread started: Thread Group 1-30
2024-05-09 19:23:21,813 INFO o.a.j.t.JMeterThread: Thread started: Thread Group 1-31
2024-05-09 19:23:21,818 INFO o.a.j.t.JMeterThread: Thread started: Thread Group 1-32
2024-05-09 19:23:21,823 INFO o.a.j.t.JMeterThread: Thread started: Thread Group 1-33
2024-05-09 19:23:21,828 INFO o.a.j.t.JMeterThread: Thread started: Thread Group 1-34
2024-05-09 19:23:21,833 INFO o.a.j.t.JMeterThread: Thread started: Thread Group 1-35
2024-05-09 19:23:21,838 INFO o.a.j.t.JMeterThread: Thread started: Thread Group 1-36
2024-05-09 19:23:21,844 INFO o.a.j.t.JMeterThread: Thread started: Thread Group 1-37
2024-05-09 19:23:21,849 INFO o.a.j.t.JMeterThread: Thread started: Thread Group 1-38
2024-05-09 19:23:21,853 INFO o.a.j.t.JMeterThread: Thread started: Thread Group 1-39
2024-05-09 19:23:21,858 INFO o.a.j.t.JMeterThread: Thread started: Thread Group 1-40
2024-05-09 19:23:21,863 INFO o.a.j.t.JMeterThread: Thread started: Thread Group 1-41
2024-05-09 19:23:21,868 INFO o.a.j.t.JMeterThread: Thread started: Thread Group 1-42
2024-05-09 19:23:21,874 INFO o.a.j.t.JMeterThread: Thread started: Thread Group 1-43
2024-05-09 19:23:21,879 INFO o.a.j.t.JMeterThread: Thread started: Thread Group 1-44
2024-05-09 19:23:21,883 INFO o.a.j.t.JMeterThread: Thread started: Thread Group 1-45
2024-05-09 19:23:21,888 INFO o.a.j.t.JMeterThread: Thread started: Thread Group 1-46
2024-05-09 19:23:21,893 INFO o.a.j.t.JMeterThread: Thread started: Thread Group 1-47
2024-05-09 19:23:21,898 INFO o.a.j.t.JMeterThread: Thread started: Thread Group 1-48
2024-05-09 19:23:21,903 INFO o.a.j.t.JMeterThread: Thread started: Thread Group 1-49
2024-05-09 19:23:21,909 INFO o.a.j.t.JMeterThread: Thread started: Thread Group 1-50
2024-05-09 19:23:21,914 INFO o.a.j.t.JMeterThread: Thread started: Thread Group 1-51
2024-05-09 19:23:21,920 INFO o.a.j.t.JMeterThread: Thread started: Thread Group 1-52
2024-05-09 19:23:21,925 INFO o.a.j.t.JMeterThread: Thread started: Thread Group 1-53
2024-05-09 19:23:21,929 INFO o.a.j.t.JMeterThread: Thread started: Thread Group 1-54
2024-05-09 19:23:21,935 INFO o.a.j.t.JMeterThread: Thread started: Thread Group 1-55
2024-05-09 19:23:21,939 INFO o.a.j.t.JMeterThread: Thread started: Thread Group 1-56
2024-05-09 19:23:21,943 INFO o.a.j.t.JMeterThread: Thread started: Thread Group 1-57
2024-05-09 19:23:21,949 INFO o.a.j.t.JMeterThread: Thread started: Thread Group 1-58
2024-05-09 19:23:21,954 INFO o.a.j.t.JMeterThread: Thread started: Thread Group 1-59
2024-05-09 19:23:21,959 INFO o.a.j.t.JMeterThread: Thread started: Thread Group 1-60
2024-05-09 19:23:21,964 INFO o.a.j.t.JMeterThread: Thread started: Thread Group 1-61
2024-05-09 19:23:21,969 INFO o.a.j.t.JMeterThread: Thread started: Thread Group 1-62
2024-05-09 19:23:21,974 INFO o.a.j.t.JMeterThread: Thread started: Thread Group 1-63
2024-05-09 19:23:21,978 INFO o.a.j.t.JMeterThread: Thread started: Thread Group 1-64
2024-05-09 19:23:21,983 INFO o.a.j.t.JMeterThread: Thread started: Thread Group 1-65
2024-05-09 19:23:21,988 INFO o.a.j.t.JMeterThread: Thread started: Thread Group 1-66
2024-05-09 19:23:21,993 INFO o.a.j.t.JMeterThread: Thread started: Thread Group 1-67
2024-05-09 19:23:21,998 INFO o.a.j.t.JMeterThread: Thread started: Thread Group 1-68
2024-05-09 19:23:22,004 INFO o.a.j.t.JMeterThread: Thread started: Thread Group 1-69
2024-05-09 19:23:22,009 INFO o.a.j.t.JMeterThread: Thread started: Thread Group 1-70
2024-05-09 19:23:22,015 INFO o.a.j.t.JMeterThread: Thread started: Thread Group 1-71
2024-05-09 19:23:22,018 INFO o.a.j.t.JMeterThread: Thread started: Thread Group 1-72
2024-05-09 19:23:22,023 INFO o.a.j.t.JMeterThread: Thread started: Thread Group 1-73
2024-05-09 19:23:22,028 INFO o.a.j.t.JMeterThread: Thread started: Thread Group 1-74
2024-05-09 19:23:22,033 INFO o.a.j.t.JMeterThread: Thread started: Thread Group 1-75
2024-05-09 19:23:22,038 INFO o.a.j.t.JMeterThread: Thread started: Thread Group 1-76
2024-05-09 19:23:22,044 INFO o.a.j.t.JMeterThread: Thread started: Thread Group 1-77
2024-05-09 19:23:22,049 INFO o.a.j.t.JMeterThread: Thread started: Thread Group 1-78
2024-05-09 19:23:22,062 INFO o.a.j.t.JMeterThread: Thread started: Thread Group 1-79
2024-05-09 19:23:22,068 INFO o.a.j.t.JMeterThread: Thread started: Thread Group 1-81
2024-05-09 19:23:22,068 INFO o.a.j.t.JMeterThread: Thread started: Thread Group 1-80
2024-05-09 19:23:22,072 INFO o.a.j.t.JMeterThread: Thread started: Thread Group 1-82
2024-05-09 19:23:22,073 INFO o.a.j.t.JMeterThread: Thread started: Thread Group 1-83
2024-05-09 19:23:22,078 INFO o.a.j.t.JMeterThread: Thread started: Thread Group 1-84
2024-05-09 19:23:22,083 INFO o.a.j.t.JMeterThread: Thread started: Thread Group 1-85
2024-05-09 19:23:22,088 INFO o.a.j.t.JMeterThread: Thread started: Thread Group 1-86
2024-05-09 19:23:22,099 INFO o.a.j.t.JMeterThread: Thread started: Thread Group 1-88
2024-05-09 19:23:22,111 INFO o.a.j.t.JMeterThread: Thread started: Thread Group 1-89
2024-05-09 19:23:22,099 INFO o.a.j.t.JMeterThread: Thread started: Thread Group 1-87
2024-05-09 19:23:22,119 INFO o.a.j.t.JMeterThread: Thread started: Thread Group 1-92
2024-05-09 19:23:22,123 INFO o.a.j.t.JMeterThread: Thread started: Thread Group 1-93
2024-05-09 19:23:22,124 INFO o.a.j.t.JMeterThread: Thread started: Thread Group 1-90
2024-05-09 19:23:22,125 INFO o.a.j.t.JMeterThread: Thread started: Thread Group 1-91
2024-05-09 19:23:22,139 INFO o.a.j.t.JMeterThread: Thread started: Thread Group 1-94
2024-05-09 19:23:22,139 INFO o.a.j.t.JMeterThread: Thread started: Thread Group 1-95
2024-05-09 19:23:22,148 INFO o.a.j.t.JMeterThread: Thread started: Thread Group 1-96
2024-05-09 19:23:22,149 INFO o.a.j.t.JMeterThread: Thread started: Thread Group 1-97
2024-05-09 19:23:22,151 INFO o.a.j.t.JMeterThread: Thread started: Thread Group 1-98
2024-05-09 19:23:22,160 INFO o.a.j.t.JMeterThread: Thread started: Thread Group 1-99
2024-05-09 19:23:22,161 INFO o.a.j.t.JMeterThread: Thread started: Thread Group 1-100
2024-05-09 19:23:22,166 INFO o.a.j.t.JMeterThread: Thread started: Thread Group 1-101
2024-05-09 19:23:22,184 INFO o.a.j.t.JMeterThread: Thread started: Thread Group 1-104
2024-05-09 19:23:22,185 INFO o.a.j.t.JMeterThread: Thread started: Thread Group 1-105
2024-05-09 19:23:22,187 INFO o.a.j.t.JMeterThread: Thread started: Thread Group 1-102
2024-05-09 19:23:22,187 INFO o.a.j.t.JMeterThread: Thread started: Thread Group 1-103
2024-05-09 19:23:22,190 INFO o.a.j.t.JMeterThread: Thread started: Thread Group 1-106
2024-05-09 19:23:22,195 INFO o.a.j.t.JMeterThread: Thread started: Thread Group 1-107
2024-05-09 19:23:22,198 INFO o.a.j.t.JMeterThread: Thread started: Thread Group 1-108
2024-05-09 19:23:22,209 INFO o.a.j.t.JMeterThread: Thread started: Thread Group 1-109
2024-05-09 19:23:22,209 INFO o.a.j.t.JMeterThread: Thread started: Thread Group 1-110
2024-05-09 19:23:22,213 INFO o.a.j.t.JMeterThread: Thread started: Thread Group 1-111
2024-05-09 19:23:22,218 INFO o.a.j.t.JMeterThread: Thread started: Thread Group 1-112
2024-05-09 19:23:22,224 INFO o.a.j.t.JMeterThread: Thread started: Thread Group 1-113
2024-05-09 19:23:22,229 INFO o.a.j.t.JMeterThread: Thread started: Thread Group 1-114
2024-05-09 19:23:22,233 INFO o.a.j.t.JMeterThread: Thread started: Thread Group 1-115
2024-05-09 19:23:22,238 INFO o.a.j.t.JMeterThread: Thread started: Thread Group 1-116
2024-05-09 19:23:22,243 INFO o.a.j.t.JMeterThread: Thread started: Thread Group 1-117
2024-05-09 19:23:22,248 INFO o.a.j.t.JMeterThread: Thread started: Thread Group 1-118
2024-05-09 19:23:22,253 INFO o.a.j.t.JMeterThread: Thread started: Thread Group 1-119
2024-05-09 19:23:22,259 INFO o.a.j.t.JMeterThread: Thread started: Thread Group 1-120
2024-05-09 19:23:22,264 INFO o.a.j.t.JMeterThread: Thread started: Thread Group 1-121
2024-05-09 19:23:22,268 INFO o.a.j.t.JMeterThread: Thread started: Thread Group 1-122
2024-05-09 19:23:22,273 INFO o.a.j.t.JMeterThread: Thread started: Thread Group 1-123
2024-05-09 19:23:22,278 INFO o.a.j.t.JMeterThread: Thread started: Thread Group 1-124
2024-05-09 19:23:22,283 INFO o.a.j.t.JMeterThread: Thread started: Thread Group 1-125
2024-05-09 19:23:22,288 INFO o.a.j.t.JMeterThread: Thread started: Thread Group 1-126
2024-05-09 19:23:22,293 INFO o.a.j.t.JMeterThread: Thread started: Thread Group 1-127
2024-05-09 19:23:22,299 INFO o.a.j.t.JMeterThread: Thread started: Thread Group 1-128
2024-05-09 19:23:22,304 INFO o.a.j.t.JMeterThread: Thread started: Thread Group 1-129
2024-05-09 19:23:22,308 INFO o.a.j.t.JMeterThread: Thread started: Thread Group 1-130
2024-05-09 19:23:22,313 INFO o.a.j.t.JMeterThread: Thread started: Thread Group 1-131
2024-05-09 19:23:22,318 INFO o.a.j.t.JMeterThread: Thread started: Thread Group 1-132
2024-05-09 19:23:22,323 INFO o.a.j.t.JMeterThread: Thread started: Thread Group 1-133
2024-05-09 19:23:22,328 INFO o.a.j.t.JMeterThread: Thread started: Thread Group 1-134
2024-05-09 19:23:22,333 INFO o.a.j.t.JMeterThread: Thread started: Thread Group 1-135
2024-05-09 19:23:22,338 INFO o.a.j.t.JMeterThread: Thread started: Thread Group 1-136
2024-05-09 19:23:22,344 INFO o.a.j.t.JMeterThread: Thread started: Thread Group 1-137
2024-05-09 19:23:22,349 INFO o.a.j.t.JMeterThread: Thread started: Thread Group 1-138
2024-05-09 19:23:22,353 INFO o.a.j.t.JMeterThread: Thread started: Thread Group 1-139
2024-05-09 19:23:22,358 INFO o.a.j.t.JMeterThread: Thread started: Thread Group 1-140
2024-05-09 19:23:22,363 INFO o.a.j.t.JMeterThread: Thread started: Thread Group 1-141
2024-05-09 19:23:22,368 INFO o.a.j.t.JMeterThread: Thread started: Thread Group 1-142
2024-05-09 19:23:22,373 INFO o.a.j.t.JMeterThread: Thread started: Thread Group 1-143
2024-05-09 19:23:22,378 INFO o.a.j.t.JMeterThread: Thread started: Thread Group 1-144
2024-05-09 19:23:22,383 INFO o.a.j.t.JMeterThread: Thread started: Thread Group 1-145
2024-05-09 19:23:22,388 INFO o.a.j.t.JMeterThread: Thread started: Thread Group 1-146
2024-05-09 19:23:22,394 INFO o.a.j.t.JMeterThread: Thread started: Thread Group 1-147
2024-05-09 19:23:22,399 INFO o.a.j.t.JMeterThread: Thread started: Thread Group 1-148
2024-05-09 19:23:22,403 INFO o.a.j.t.JMeterThread: Thread started: Thread Group 1-149
2024-05-09 19:23:22,408 INFO o.a.j.t.JMeterThread: Thread started: Thread Group 1-150
2024-05-09 19:23:22,413 INFO o.a.j.t.JMeterThread: Thread started: Thread Group 1-151
2024-05-09 19:23:22,418 INFO o.a.j.t.JMeterThread: Thread started: Thread Group 1-152
2024-05-09 19:23:22,424 INFO o.a.j.t.JMeterThread: Thread started: Thread Group 1-153
2024-05-09 19:23:22,429 INFO o.a.j.t.JMeterThread: Thread started: Thread Group 1-154
2024-05-09 19:23:22,434 INFO o.a.j.t.JMeterThread: Thread started: Thread Group 1-155
2024-05-09 19:23:22,438 INFO o.a.j.t.JMeterThread: Thread started: Thread Group 1-156
2024-05-09 19:23:22,443 INFO o.a.j.t.JMeterThread: Thread started: Thread Group 1-157
2024-05-09 19:23:22,448 INFO o.a.j.t.JMeterThread: Thread started: Thread Group 1-158
2024-05-09 19:23:22,453 INFO o.a.j.t.JMeterThread: Thread started: Thread Group 1-159
2024-05-09 19:23:22,459 INFO o.a.j.t.JMeterThread: Thread started: Thread Group 1-160
2024-05-09 19:23:22,464 INFO o.a.j.t.JMeterThread: Thread started: Thread Group 1-161
2024-05-09 19:23:22,470 INFO o.a.j.t.JMeterThread: Thread started: Thread Group 1-162
2024-05-09 19:23:22,474 INFO o.a.j.t.JMeterThread: Thread started: Thread Group 1-163
2024-05-09 19:23:22,478 INFO o.a.j.t.JMeterThread: Thread started: Thread Group 1-164
2024-05-09 19:23:22,483 INFO o.a.j.t.JMeterThread: Thread started: Thread Group 1-165
2024-05-09 19:23:22,488 INFO o.a.j.t.JMeterThread: Thread started: Thread Group 1-166
2024-05-09 19:23:22,493 INFO o.a.j.t.JMeterThread: Thread started: Thread Group 1-167
2024-05-09 19:23:22,498 INFO o.a.j.t.JMeterThread: Thread started: Thread Group 1-168
2024-05-09 19:23:22,504 INFO o.a.j.t.JMeterThread: Thread started: Thread Group 1-169
2024-05-09 19:23:22,508 INFO o.a.j.t.JMeterThread: Thread started: Thread Group 1-170
2024-05-09 19:23:22,514 INFO o.a.j.t.JMeterThread: Thread started: Thread Group 1-171
2024-05-09 19:23:22,519 INFO o.a.j.t.JMeterThread: Thread started: Thread Group 1-172
2024-05-09 19:23:22,524 INFO o.a.j.t.JMeterThread: Thread started: Thread Group 1-173
2024-05-09 19:23:22,528 INFO o.a.j.t.JMeterThread: Thread started: Thread Group 1-174
2024-05-09 19:23:22,533 INFO o.a.j.t.JMeterThread: Thread started: Thread Group 1-175
2024-05-09 19:23:22,538 INFO o.a.j.t.JMeterThread: Thread started: Thread Group 1-176
2024-05-09 19:23:22,543 INFO o.a.j.t.JMeterThread: Thread started: Thread Group 1-177
2024-05-09 19:23:22,548 INFO o.a.j.t.JMeterThread: Thread started: Thread Group 1-178
2024-05-09 19:23:22,553 INFO o.a.j.t.JMeterThread: Thread started: Thread Group 1-179
2024-05-09 19:23:22,558 INFO o.a.j.t.JMeterThread: Thread started: Thread Group 1-180
2024-05-09 19:23:22,563 INFO o.a.j.t.JMeterThread: Thread started: Thread Group 1-181
2024-05-09 19:23:22,569 INFO o.a.j.t.JMeterThread: Thread started: Thread Group 1-182
2024-05-09 19:23:22,574 INFO o.a.j.t.JMeterThread: Thread started: Thread Group 1-183
2024-05-09 19:23:22,579 INFO o.a.j.t.JMeterThread: Thread started: Thread Group 1-184
2024-05-09 19:23:22,583 INFO o.a.j.t.JMeterThread: Thread started: Thread Group 1-185
2024-05-09 19:23:22,588 INFO o.a.j.t.JMeterThread: Thread started: Thread Group 1-186
2024-05-09 19:23:22,593 INFO o.a.j.t.JMeterThread: Thread started: Thread Group 1-187
2024-05-09 19:23:22,598 INFO o.a.j.t.JMeterThread: Thread started: Thread Group 1-188
2024-05-09 19:23:22,603 INFO o.a.j.t.JMeterThread: Thread started: Thread Group 1-189
2024-05-09 19:23:22,608 INFO o.a.j.t.JMeterThread: Thread started: Thread Group 1-190
2024-05-09 19:23:22,613 INFO o.a.j.t.JMeterThread: Thread started: Thread Group 1-191
2024-05-09 19:23:22,618 INFO o.a.j.t.JMeterThread: Thread started: Thread Group 1-192
2024-05-09 19:23:22,623 INFO o.a.j.t.JMeterThread: Thread started: Thread Group 1-193
2024-05-09 19:23:22,628 INFO o.a.j.t.JMeterThread: Thread started: Thread Group 1-194
2024-05-09 19:23:22,633 INFO o.a.j.t.JMeterThread: Thread started: Thread Group 1-195
2024-05-09 19:23:22,639 INFO o.a.j.t.JMeterThread: Thread started: Thread Group 1-196
2024-05-09 19:23:22,644 INFO o.a.j.t.JMeterThread: Thread started: Thread Group 1-197
2024-05-09 19:23:22,648 INFO o.a.j.t.JMeterThread: Thread started: Thread Group 1-198
2024-05-09 19:23:22,653 INFO o.a.j.t.JMeterThread: Thread started: Thread Group 1-199
2024-05-09 19:23:22,658 INFO o.a.j.t.JMeterThread: Thread started: Thread Group 1-200
2024-05-09 19:23:22,913 INFO o.a.j.t.JMeterThread: Thread is done: Thread Group 1-148
2024-05-09 19:23:22,913 INFO o.a.j.t.JMeterThread: Thread finished: Thread Group 1-148
2024-05-09 19:23:23,146 INFO o.a.j.t.JMeterThread: Thread is done: Thread Group 1-181
2024-05-09 19:23:23,146 INFO o.a.j.t.JMeterThread: Thread finished: Thread Group 1-181
2024-05-09 19:23:23,286 INFO o.a.j.t.JMeterThread: Thread is done: Thread Group 1-182
2024-05-09 19:23:23,286 INFO o.a.j.t.JMeterThread: Thread finished: Thread Group 1-182
2024-05-09 19:23:23,401 INFO o.a.j.t.JMeterThread: Thread is done: Thread Group 1-34
2024-05-09 19:23:23,401 INFO o.a.j.t.JMeterThread: Thread finished: Thread Group 1-34
2024-05-09 19:23:23,407 INFO o.a.j.t.JMeterThread: Thread is done: Thread Group 1-91
2024-05-09 19:23:23,407 INFO o.a.j.t.JMeterThread: Thread finished: Thread Group 1-91
2024-05-09 19:23:23,460 INFO o.a.j.t.JMeterThread: Thread is done: Thread Group 1-32
2024-05-09 19:23:23,460 INFO o.a.j.t.JMeterThread: Thread finished: Thread Group 1-32
2024-05-09 19:23:23,515 INFO o.a.j.t.JMeterThread: Thread is done: Thread Group 1-134
2024-05-09 19:23:23,515 INFO o.a.j.t.JMeterThread: Thread finished: Thread Group 1-134
2024-05-09 19:23:23,534 INFO o.a.j.t.JMeterThread: Thread is done: Thread Group 1-37
2024-05-09 19:23:23,535 INFO o.a.j.t.JMeterThread: Thread finished: Thread Group 1-37
2024-05-09 19:23:23,671 INFO o.a.j.t.JMeterThread: Thread is done: Thread Group 1-121
2024-05-09 19:23:23,671 INFO o.a.j.t.JMeterThread: Thread finished: Thread Group 1-121
2024-05-09 19:23:23,723 INFO o.a.j.t.JMeterThread: Thread is done: Thread Group 1-72
2024-05-09 19:23:23,723 INFO o.a.j.t.JMeterThread: Thread finished: Thread Group 1-72
2024-05-09 19:23:24,349 INFO o.a.j.t.JMeterThread: Thread is done: Thread Group 1-59
2024-05-09 19:23:24,350 INFO o.a.j.t.JMeterThread: Thread finished: Thread Group 1-59
2024-05-09 19:23:24,354 INFO o.a.j.t.JMeterThread: Thread is done: Thread Group 1-97
2024-05-09 19:23:24,354 INFO o.a.j.t.JMeterThread: Thread finished: Thread Group 1-97
2024-05-09 19:23:24,370 INFO o.a.j.t.JMeterThread: Thread is done: Thread Group 1-63
2024-05-09 19:23:24,370 INFO o.a.j.t.JMeterThread: Thread finished: Thread Group 1-63
2024-05-09 19:23:24,376 INFO o.a.j.t.JMeterThread: Thread is done: Thread Group 1-200
2024-05-09 19:23:24,376 INFO o.a.j.t.JMeterThread: Thread finished: Thread Group 1-200
2024-05-09 19:23:24,393 INFO o.a.j.t.JMeterThread: Thread is done: Thread Group 1-60
2024-05-09 19:23:24,393 INFO o.a.j.t.JMeterThread: Thread finished: Thread Group 1-60
2024-05-09 19:23:24,403 INFO o.a.j.t.JMeterThread: Thread is done: Thread Group 1-58
2024-05-09 19:23:24,403 INFO o.a.j.t.JMeterThread: Thread finished: Thread Group 1-58
2024-05-09 19:23:24,411 INFO o.a.j.t.JMeterThread: Thread is done: Thread Group 1-140
2024-05-09 19:23:24,411 INFO o.a.j.t.JMeterThread: Thread finished: Thread Group 1-140
2024-05-09 19:23:24,423 INFO o.a.j.t.JMeterThread: Thread is done: Thread Group 1-135
2024-05-09 19:23:24,423 INFO o.a.j.t.JMeterThread: Thread finished: Thread Group 1-135
2024-05-09 19:23:24,428 INFO o.a.j.t.JMeterThread: Thread is done: Thread Group 1-192
2024-05-09 19:23:24,428 INFO o.a.j.t.JMeterThread: Thread finished: Thread Group 1-192
2024-05-09 19:23:24,433 INFO o.a.j.t.JMeterThread: Thread is done: Thread Group 1-157
2024-05-09 19:23:24,433 INFO o.a.j.t.JMeterThread: Thread finished: Thread Group 1-157
2024-05-09 19:23:24,453 INFO o.a.j.t.JMeterThread: Thread is done: Thread Group 1-94
2024-05-09 19:23:24,453 INFO o.a.j.t.JMeterThread: Thread finished: Thread Group 1-94
2024-05-09 19:23:24,470 INFO o.a.j.t.JMeterThread: Thread is done: Thread Group 1-35
2024-05-09 19:23:24,470 INFO o.a.j.t.JMeterThread: Thread finished: Thread Group 1-35
2024-05-09 19:23:24,510 INFO o.a.j.t.JMeterThread: Thread is done: Thread Group 1-93
2024-05-09 19:23:24,510 INFO o.a.j.t.JMeterThread: Thread finished: Thread Group 1-93
2024-05-09 19:23:24,513 INFO o.a.j.t.JMeterThread: Thread is done: Thread Group 1-129
2024-05-09 19:23:24,513 INFO o.a.j.t.JMeterThread: Thread finished: Thread Group 1-129
2024-05-09 19:23:24,565 INFO o.a.j.t.JMeterThread: Thread is done: Thread Group 1-56
2024-05-09 19:23:24,565 INFO o.a.j.t.JMeterThread: Thread finished: Thread Group 1-56
2024-05-09 19:23:24,583 INFO o.a.j.t.JMeterThread: Thread is done: Thread Group 1-33
2024-05-09 19:23:24,583 INFO o.a.j.t.JMeterThread: Thread finished: Thread Group 1-33
2024-05-09 19:23:24,617 INFO o.a.j.t.JMeterThread: Thread is done: Thread Group 1-48
2024-05-09 19:23:24,617 INFO o.a.j.t.JMeterThread: Thread finished: Thread Group 1-48
2024-05-09 19:23:24,618 INFO o.a.j.t.JMeterThread: Thread is done: Thread Group 1-183
2024-05-09 19:23:24,618 INFO o.a.j.t.JMeterThread: Thread finished: Thread Group 1-183
2024-05-09 19:23:24,687 INFO o.a.j.t.JMeterThread: Thread is done: Thread Group 1-69
2024-05-09 19:23:24,687 INFO o.a.j.t.JMeterThread: Thread finished: Thread Group 1-69
2024-05-09 19:23:24,695 INFO o.a.j.t.JMeterThread: Thread is done: Thread Group 1-113
2024-05-09 19:23:24,695 INFO o.a.j.t.JMeterThread: Thread finished: Thread Group 1-113
2024-05-09 19:23:24,706 INFO o.a.j.t.JMeterThread: Thread is done: Thread Group 1-75
2024-05-09 19:23:24,706 INFO o.a.j.t.JMeterThread: Thread finished: Thread Group 1-75
2024-05-09 19:23:24,797 INFO o.a.j.t.JMeterThread: Thread is done: Thread Group 1-55
2024-05-09 19:23:24,797 INFO o.a.j.t.JMeterThread: Thread finished: Thread Group 1-55
2024-05-09 19:23:24,870 INFO o.a.j.t.JMeterThread: Thread is done: Thread Group 1-90
2024-05-09 19:23:24,870 INFO o.a.j.t.JMeterThread: Thread finished: Thread Group 1-90
2024-05-09 19:23:24,931 INFO o.a.j.t.JMeterThread: Thread is done: Thread Group 1-120
2024-05-09 19:23:24,931 INFO o.a.j.t.JMeterThread: Thread finished: Thread Group 1-120
2024-05-09 19:23:24,935 INFO o.a.j.t.JMeterThread: Thread is done: Thread Group 1-119
2024-05-09 19:23:24,935 INFO o.a.j.t.JMeterThread: Thread finished: Thread Group 1-119
2024-05-09 19:23:25,065 INFO o.a.j.t.JMeterThread: Thread is done: Thread Group 1-28
2024-05-09 19:23:25,065 INFO o.a.j.t.JMeterThread: Thread finished: Thread Group 1-28
2024-05-09 19:23:25,117 INFO o.a.j.t.JMeterThread: Thread is done: Thread Group 1-126
2024-05-09 19:23:25,117 INFO o.a.j.t.JMeterThread: Thread finished: Thread Group 1-126
2024-05-09 19:23:25,226 INFO o.a.j.t.JMeterThread: Thread is done: Thread Group 1-7
2024-05-09 19:23:25,226 INFO o.a.j.t.JMeterThread: Thread finished: Thread Group 1-7
2024-05-09 19:23:25,231 INFO o.a.j.t.JMeterThread: Thread is done: Thread Group 1-53
2024-05-09 19:23:25,231 INFO o.a.j.t.JMeterThread: Thread finished: Thread Group 1-53
2024-05-09 19:23:25,243 INFO o.a.j.t.JMeterThread: Thread is done: Thread Group 1-3
2024-05-09 19:23:25,243 INFO o.a.j.t.JMeterThread: Thread finished: Thread Group 1-3
2024-05-09 19:23:25,260 INFO o.a.j.t.JMeterThread: Thread is done: Thread Group 1-95
2024-05-09 19:23:25,260 INFO o.a.j.t.JMeterThread: Thread finished: Thread Group 1-95
2024-05-09 19:23:25,339 INFO o.a.j.t.JMeterThread: Thread is done: Thread Group 1-144
2024-05-09 19:23:25,340 INFO o.a.j.t.JMeterThread: Thread finished: Thread Group 1-144
2024-05-09 19:23:25,344 INFO o.a.j.t.JMeterThread: Thread is done: Thread Group 1-128
2024-05-09 19:23:25,344 INFO o.a.j.t.JMeterThread: Thread finished: Thread Group 1-128
2024-05-09 19:23:25,424 INFO o.a.j.t.JMeterThread: Thread is done: Thread Group 1-176
2024-05-09 19:23:25,424 INFO o.a.j.t.JMeterThread: Thread finished: Thread Group 1-176
2024-05-09 19:23:25,514 INFO o.a.j.t.JMeterThread: Thread is done: Thread Group 1-49
2024-05-09 19:23:25,514 INFO o.a.j.t.JMeterThread: Thread finished: Thread Group 1-49
2024-05-09 19:23:25,541 INFO o.a.j.t.JMeterThread: Thread is done: Thread Group 1-146
2024-05-09 19:23:25,541 INFO o.a.j.t.JMeterThread: Thread is done: Thread Group 1-13
2024-05-09 19:23:25,542 INFO o.a.j.t.JMeterThread: Thread finished: Thread Group 1-146
2024-05-09 19:23:25,542 INFO o.a.j.t.JMeterThread: Thread finished: Thread Group 1-13
2024-05-09 19:23:25,650 INFO o.a.j.t.JMeterThread: Thread is done: Thread Group 1-20
2024-05-09 19:23:25,650 INFO o.a.j.t.JMeterThread: Thread finished: Thread Group 1-20
2024-05-09 19:23:25,756 INFO o.a.j.t.JMeterThread: Thread is done: Thread Group 1-180
2024-05-09 19:23:25,756 INFO o.a.j.t.JMeterThread: Thread finished: Thread Group 1-180
2024-05-09 19:23:25,892 INFO o.a.j.t.JMeterThread: Thread is done: Thread Group 1-179
2024-05-09 19:23:25,892 INFO o.a.j.t.JMeterThread: Thread finished: Thread Group 1-179
2024-05-09 19:23:25,935 INFO o.a.j.t.JMeterThread: Thread is done: Thread Group 1-86
2024-05-09 19:23:25,935 INFO o.a.j.t.JMeterThread: Thread finished: Thread Group 1-86
2024-05-09 19:23:25,958 INFO o.a.j.t.JMeterThread: Thread is done: Thread Group 1-127
2024-05-09 19:23:25,958 INFO o.a.j.t.JMeterThread: Thread finished: Thread Group 1-127
2024-05-09 19:23:25,990 INFO o.a.j.t.JMeterThread: Thread is done: Thread Group 1-11
2024-05-09 19:23:25,990 INFO o.a.j.t.JMeterThread: Thread finished: Thread Group 1-11
2024-05-09 19:23:26,036 INFO o.a.j.t.JMeterThread: Thread is done: Thread Group 1-8
2024-05-09 19:23:26,037 INFO o.a.j.t.JMeterThread: Thread finished: Thread Group 1-8
2024-05-09 19:23:26,063 INFO o.a.j.t.JMeterThread: Thread is done: Thread Group 1-81
2024-05-09 19:23:26,063 INFO o.a.j.t.JMeterThread: Thread finished: Thread Group 1-81
2024-05-09 19:23:26,118 INFO o.a.j.t.JMeterThread: Thread is done: Thread Group 1-4
2024-05-09 19:23:26,118 INFO o.a.j.t.JMeterThread: Thread finished: Thread Group 1-4
2024-05-09 19:23:26,142 INFO o.a.j.t.JMeterThread: Thread is done: Thread Group 1-149
2024-05-09 19:23:26,142 INFO o.a.j.t.JMeterThread: Thread finished: Thread Group 1-149
2024-05-09 19:23:26,169 INFO o.a.j.t.JMeterThread: Thread is done: Thread Group 1-123
2024-05-09 19:23:26,169 INFO o.a.j.t.JMeterThread: Thread finished: Thread Group 1-123
2024-05-09 19:23:26,187 INFO o.a.j.t.JMeterThread: Thread is done: Thread Group 1-118
2024-05-09 19:23:26,187 INFO o.a.j.t.JMeterThread: Thread finished: Thread Group 1-118
2024-05-09 19:23:26,223 INFO o.a.j.t.JMeterThread: Thread is done: Thread Group 1-12
2024-05-09 19:23:26,223 INFO o.a.j.t.JMeterThread: Thread finished: Thread Group 1-12
2024-05-09 19:23:26,239 INFO o.a.j.t.JMeterThread: Thread is done: Thread Group 1-92
2024-05-09 19:23:26,239 INFO o.a.j.t.JMeterThread: Thread finished: Thread Group 1-92
2024-05-09 19:23:26,320 INFO o.a.j.t.JMeterThread: Thread is done: Thread Group 1-175
2024-05-09 19:23:26,320 INFO o.a.j.t.JMeterThread: Thread finished: Thread Group 1-175
2024-05-09 19:23:26,378 INFO o.a.j.t.JMeterThread: Thread is done: Thread Group 1-131
2024-05-09 19:23:26,378 INFO o.a.j.t.JMeterThread: Thread finished: Thread Group 1-131
2024-05-09 19:23:26,384 INFO o.a.j.t.JMeterThread: Thread is done: Thread Group 1-6
2024-05-09 19:23:26,384 INFO o.a.j.t.JMeterThread: Thread finished: Thread Group 1-6
2024-05-09 19:23:26,523 INFO o.a.j.t.JMeterThread: Thread is done: Thread Group 1-21
2024-05-09 19:23:26,523 INFO o.a.j.t.JMeterThread: Thread finished: Thread Group 1-21
2024-05-09 19:23:26,524 INFO o.a.j.t.JMeterThread: Thread is done: Thread Group 1-155
2024-05-09 19:23:26,524 INFO o.a.j.t.JMeterThread: Thread finished: Thread Group 1-155
2024-05-09 19:23:26,574 INFO o.a.j.t.JMeterThread: Thread is done: Thread Group 1-162
2024-05-09 19:23:26,574 INFO o.a.j.t.JMeterThread: Thread finished: Thread Group 1-162
2024-05-09 19:23:26,587 INFO o.a.j.t.JMeterThread: Thread is done: Thread Group 1-42
2024-05-09 19:23:26,587 INFO o.a.j.t.JMeterThread: Thread finished: Thread Group 1-42
2024-05-09 19:23:26,716 INFO o.a.j.t.JMeterThread: Thread is done: Thread Group 1-39
2024-05-09 19:23:26,716 INFO o.a.j.t.JMeterThread: Thread finished: Thread Group 1-39
2024-05-09 19:23:26,760 INFO o.a.j.t.JMeterThread: Thread is done: Thread Group 1-168
2024-05-09 19:23:26,761 INFO o.a.j.t.JMeterThread: Thread finished: Thread Group 1-168
2024-05-09 19:23:26,771 INFO o.a.j.t.JMeterThread: Thread is done: Thread Group 1-51
2024-05-09 19:23:26,771 INFO o.a.j.t.JMeterThread: Thread finished: Thread Group 1-51
2024-05-09 19:23:26,816 INFO o.a.j.t.JMeterThread: Thread is done: Thread Group 1-87
2024-05-09 19:23:26,816 INFO o.a.j.t.JMeterThread: Thread finished: Thread Group 1-87
2024-05-09 19:23:26,926 INFO o.a.j.t.JMeterThread: Thread is done: Thread Group 1-193
2024-05-09 19:23:26,926 INFO o.a.j.t.JMeterThread: Thread finished: Thread Group 1-193
2024-05-09 19:23:26,940 INFO o.a.j.t.JMeterThread: Thread is done: Thread Group 1-80
2024-05-09 19:23:26,940 INFO o.a.j.t.JMeterThread: Thread finished: Thread Group 1-80
2024-05-09 19:23:27,056 INFO o.a.j.t.JMeterThread: Thread is done: Thread Group 1-98
2024-05-09 19:23:27,057 INFO o.a.j.t.JMeterThread: Thread finished: Thread Group 1-98
2024-05-09 19:23:27,067 INFO o.a.j.t.JMeterThread: Thread is done: Thread Group 1-83
2024-05-09 19:23:27,067 INFO o.a.j.t.JMeterThread: Thread finished: Thread Group 1-83
2024-05-09 19:23:27,084 INFO o.a.j.t.JMeterThread: Thread is done: Thread Group 1-147
2024-05-09 19:23:27,084 INFO o.a.j.t.JMeterThread: Thread finished: Thread Group 1-147
2024-05-09 19:23:27,121 INFO o.a.j.t.JMeterThread: Thread is done: Thread Group 1-84
2024-05-09 19:23:27,121 INFO o.a.j.t.JMeterThread: Thread finished: Thread Group 1-84
2024-05-09 19:23:27,136 INFO o.a.j.t.JMeterThread: Thread is done: Thread Group 1-132
2024-05-09 19:23:27,136 INFO o.a.j.t.JMeterThread: Thread finished: Thread Group 1-132
2024-05-09 19:23:27,147 INFO o.a.j.t.JMeterThread: Thread is done: Thread Group 1-106
2024-05-09 19:23:27,147 INFO o.a.j.t.JMeterThread: Thread finished: Thread Group 1-106
2024-05-09 19:23:27,148 INFO o.a.j.t.JMeterThread: Thread is done: Thread Group 1-2
2024-05-09 19:23:27,148 INFO o.a.j.t.JMeterThread: Thread finished: Thread Group 1-2
2024-05-09 19:23:27,150 INFO o.a.j.t.JMeterThread: Thread is done: Thread Group 1-26
2024-05-09 19:23:27,150 INFO o.a.j.t.JMeterThread: Thread finished: Thread Group 1-26
2024-05-09 19:23:27,162 INFO o.a.j.t.JMeterThread: Thread is done: Thread Group 1-133
2024-05-09 19:23:27,162 INFO o.a.j.t.JMeterThread: Thread finished: Thread Group 1-133
2024-05-09 19:23:27,170 INFO o.a.j.t.JMeterThread: Thread is done: Thread Group 1-187
2024-05-09 19:23:27,170 INFO o.a.j.t.JMeterThread: Thread finished: Thread Group 1-187
2024-05-09 19:23:27,175 INFO o.a.j.t.JMeterThread: Thread is done: Thread Group 1-177
2024-05-09 19:23:27,175 INFO o.a.j.t.JMeterThread: Thread finished: Thread Group 1-177
2024-05-09 19:23:27,194 INFO o.a.j.t.JMeterThread: Thread is done: Thread Group 1-89
2024-05-09 19:23:27,194 INFO o.a.j.t.JMeterThread: Thread finished: Thread Group 1-89
2024-05-09 19:23:27,277 INFO o.a.j.t.JMeterThread: Thread is done: Thread Group 1-109
2024-05-09 19:23:27,277 INFO o.a.j.t.JMeterThread: Thread finished: Thread Group 1-109
2024-05-09 19:23:27,289 INFO o.a.j.t.JMeterThread: Thread is done: Thread Group 1-117
2024-05-09 19:23:27,289 INFO o.a.j.t.JMeterThread: Thread finished: Thread Group 1-117
2024-05-09 19:23:27,295 INFO o.a.j.t.JMeterThread: Thread is done: Thread Group 1-30
2024-05-09 19:23:27,295 INFO o.a.j.t.JMeterThread: Thread finished: Thread Group 1-30
2024-05-09 19:23:27,307 INFO o.a.j.t.JMeterThread: Thread is done: Thread Group 1-152
2024-05-09 19:23:27,307 INFO o.a.j.t.JMeterThread: Thread finished: Thread Group 1-152
2024-05-09 19:23:27,325 INFO o.a.j.t.JMeterThread: Thread is done: Thread Group 1-169
2024-05-09 19:23:27,325 INFO o.a.j.t.JMeterThread: Thread finished: Thread Group 1-169
2024-05-09 19:23:27,388 INFO o.a.j.t.JMeterThread: Thread is done: Thread Group 1-77
2024-05-09 19:23:27,388 INFO o.a.j.t.JMeterThread: Thread finished: Thread Group 1-77
2024-05-09 19:23:27,402 INFO o.a.j.t.JMeterThread: Thread is done: Thread Group 1-104
2024-05-09 19:23:27,402 INFO o.a.j.t.JMeterThread: Thread finished: Thread Group 1-104
2024-05-09 19:23:27,455 INFO o.a.j.t.JMeterThread: Thread is done: Thread Group 1-172
2024-05-09 19:23:27,455 INFO o.a.j.t.JMeterThread: Thread finished: Thread Group 1-172
2024-05-09 19:23:27,500 INFO o.a.j.t.JMeterThread: Thread is done: Thread Group 1-199
2024-05-09 19:23:27,500 INFO o.a.j.t.JMeterThread: Thread finished: Thread Group 1-199
2024-05-09 19:23:27,502 INFO o.a.j.t.JMeterThread: Thread is done: Thread Group 1-44
2024-05-09 19:23:27,502 INFO o.a.j.t.JMeterThread: Thread finished: Thread Group 1-44
2024-05-09 19:23:27,516 INFO o.a.j.t.JMeterThread: Thread is done: Thread Group 1-153
2024-05-09 19:23:27,517 INFO o.a.j.t.JMeterThread: Thread finished: Thread Group 1-153
2024-05-09 19:23:27,545 INFO o.a.j.t.JMeterThread: Thread is done: Thread Group 1-105
2024-05-09 19:23:27,545 INFO o.a.j.t.JMeterThread: Thread finished: Thread Group 1-105
2024-05-09 19:23:27,563 INFO o.a.j.t.JMeterThread: Thread is done: Thread Group 1-163
2024-05-09 19:23:27,563 INFO o.a.j.t.JMeterThread: Thread finished: Thread Group 1-163
2024-05-09 19:23:27,608 INFO o.a.j.t.JMeterThread: Thread is done: Thread Group 1-110
2024-05-09 19:23:27,608 INFO o.a.j.t.JMeterThread: Thread finished: Thread Group 1-110
2024-05-09 19:23:27,622 INFO o.a.j.t.JMeterThread: Thread is done: Thread Group 1-73
2024-05-09 19:23:27,622 INFO o.a.j.t.JMeterThread: Thread finished: Thread Group 1-73
2024-05-09 19:23:27,639 INFO o.a.j.t.JMeterThread: Thread is done: Thread Group 1-52
2024-05-09 19:23:27,639 INFO o.a.j.t.JMeterThread: Thread finished: Thread Group 1-52
2024-05-09 19:23:27,695 INFO o.a.j.t.JMeterThread: Thread is done: Thread Group 1-96
2024-05-09 19:23:27,695 INFO o.a.j.t.JMeterThread: Thread finished: Thread Group 1-96
2024-05-09 19:23:27,697 INFO o.a.j.t.JMeterThread: Thread is done: Thread Group 1-46
2024-05-09 19:23:27,697 INFO o.a.j.t.JMeterThread: Thread finished: Thread Group 1-46
2024-05-09 19:23:27,707 INFO o.a.j.t.JMeterThread: Thread is done: Thread Group 1-67
2024-05-09 19:23:27,707 INFO o.a.j.t.JMeterThread: Thread finished: Thread Group 1-67
2024-05-09 19:23:27,735 INFO o.a.j.t.JMeterThread: Thread is done: Thread Group 1-111
2024-05-09 19:23:27,735 INFO o.a.j.t.JMeterThread: Thread finished: Thread Group 1-111
2024-05-09 19:23:27,765 INFO o.a.j.t.JMeterThread: Thread is done: Thread Group 1-100
2024-05-09 19:23:27,765 INFO o.a.j.t.JMeterThread: Thread finished: Thread Group 1-100
2024-05-09 19:23:27,824 INFO o.a.j.t.JMeterThread: Thread is done: Thread Group 1-154
2024-05-09 19:23:27,825 INFO o.a.j.t.JMeterThread: Thread finished: Thread Group 1-154
2024-05-09 19:23:27,849 INFO o.a.j.t.JMeterThread: Thread is done: Thread Group 1-101
2024-05-09 19:23:27,849 INFO o.a.j.t.JMeterThread: Thread finished: Thread Group 1-101
2024-05-09 19:23:27,884 INFO o.a.j.t.JMeterThread: Thread is done: Thread Group 1-41
2024-05-09 19:23:27,884 INFO o.a.j.t.JMeterThread: Thread finished: Thread Group 1-41
2024-05-09 19:23:27,962 INFO o.a.j.t.JMeterThread: Thread is done: Thread Group 1-76
2024-05-09 19:23:27,962 INFO o.a.j.t.JMeterThread: Thread finished: Thread Group 1-76
2024-05-09 19:23:27,982 INFO o.a.j.t.JMeterThread: Thread is done: Thread Group 1-173
2024-05-09 19:23:27,982 INFO o.a.j.t.JMeterThread: Thread finished: Thread Group 1-173
2024-05-09 19:23:27,983 INFO o.a.j.t.JMeterThread: Thread is done: Thread Group 1-178
2024-05-09 19:23:27,983 INFO o.a.j.t.JMeterThread: Thread finished: Thread Group 1-178
2024-05-09 19:23:27,994 INFO o.a.j.t.JMeterThread: Thread is done: Thread Group 1-116
2024-05-09 19:23:27,994 INFO o.a.j.t.JMeterThread: Thread finished: Thread Group 1-116
2024-05-09 19:23:28,007 INFO o.a.j.t.JMeterThread: Thread is done: Thread Group 1-124
2024-05-09 19:23:28,007 INFO o.a.j.t.JMeterThread: Thread finished: Thread Group 1-124
2024-05-09 19:23:28,117 INFO o.a.j.t.JMeterThread: Thread is done: Thread Group 1-122
2024-05-09 19:23:28,117 INFO o.a.j.t.JMeterThread: Thread finished: Thread Group 1-122
2024-05-09 19:23:28,147 INFO o.a.j.t.JMeterThread: Thread is done: Thread Group 1-171
2024-05-09 19:23:28,147 INFO o.a.j.t.JMeterThread: Thread finished: Thread Group 1-171
2024-05-09 19:23:28,240 INFO o.a.j.t.JMeterThread: Thread is done: Thread Group 1-85
2024-05-09 19:23:28,240 INFO o.a.j.t.JMeterThread: Thread finished: Thread Group 1-85
2024-05-09 19:23:28,253 INFO o.a.j.t.JMeterThread: Thread is done: Thread Group 1-125
2024-05-09 19:23:28,253 INFO o.a.j.t.JMeterThread: Thread finished: Thread Group 1-125
2024-05-09 19:23:28,298 INFO o.a.j.t.JMeterThread: Thread is done: Thread Group 1-167
2024-05-09 19:23:28,298 INFO o.a.j.t.JMeterThread: Thread finished: Thread Group 1-167
2024-05-09 19:23:28,300 INFO o.a.j.t.JMeterThread: Thread is done: Thread Group 1-24
2024-05-09 19:23:28,300 INFO o.a.j.t.JMeterThread: Thread finished: Thread Group 1-24
2024-05-09 19:23:28,363 INFO o.a.j.t.JMeterThread: Thread is done: Thread Group 1-115
2024-05-09 19:23:28,363 INFO o.a.j.t.JMeterThread: Thread finished: Thread Group 1-115
2024-05-09 19:23:28,387 INFO o.a.j.t.JMeterThread: Thread is done: Thread Group 1-17
2024-05-09 19:23:28,387 INFO o.a.j.t.JMeterThread: Thread finished: Thread Group 1-17
2024-05-09 19:23:28,423 INFO o.a.j.t.JMeterThread: Thread is done: Thread Group 1-170
2024-05-09 19:23:28,423 INFO o.a.j.t.JMeterThread: Thread finished: Thread Group 1-170
2024-05-09 19:23:28,541 INFO o.a.j.t.JMeterThread: Thread is done: Thread Group 1-68
2024-05-09 19:23:28,541 INFO o.a.j.t.JMeterThread: Thread finished: Thread Group 1-68
2024-05-09 19:23:28,569 INFO o.a.j.t.JMeterThread: Thread is done: Thread Group 1-130
2024-05-09 19:23:28,569 INFO o.a.j.t.JMeterThread: Thread finished: Thread Group 1-130
2024-05-09 19:23:28,576 INFO o.a.j.t.JMeterThread: Thread is done: Thread Group 1-112
2024-05-09 19:23:28,576 INFO o.a.j.t.JMeterThread: Thread finished: Thread Group 1-112
2024-05-09 19:23:28,614 INFO o.a.j.t.JMeterThread: Thread is done: Thread Group 1-14
2024-05-09 19:23:28,614 INFO o.a.j.t.JMeterThread: Thread finished: Thread Group 1-14
2024-05-09 19:23:28,617 INFO o.a.j.t.JMeterThread: Thread is done: Thread Group 1-61
2024-05-09 19:23:28,617 INFO o.a.j.t.JMeterThread: Thread finished: Thread Group 1-61
2024-05-09 19:23:28,625 INFO o.a.j.t.JMeterThread: Thread is done: Thread Group 1-40
2024-05-09 19:23:28,625 INFO o.a.j.t.JMeterThread: Thread finished: Thread Group 1-40
2024-05-09 19:23:28,636 INFO o.a.j.t.JMeterThread: Thread is done: Thread Group 1-9
2024-05-09 19:23:28,636 INFO o.a.j.t.JMeterThread: Thread finished: Thread Group 1-9
2024-05-09 19:23:28,693 INFO o.a.j.t.JMeterThread: Thread is done: Thread Group 1-19
2024-05-09 19:23:28,693 INFO o.a.j.t.JMeterThread: Thread finished: Thread Group 1-19
2024-05-09 19:23:28,713 INFO o.a.j.t.JMeterThread: Thread is done: Thread Group 1-99
2024-05-09 19:23:28,713 INFO o.a.j.t.JMeterThread: Thread finished: Thread Group 1-99
2024-05-09 19:23:28,757 INFO o.a.j.t.JMeterThread: Thread is done: Thread Group 1-43
2024-05-09 19:23:28,757 INFO o.a.j.t.JMeterThread: Thread finished: Thread Group 1-43
2024-05-09 19:23:28,809 INFO o.a.j.t.JMeterThread: Thread is done: Thread Group 1-16
2024-05-09 19:23:28,809 INFO o.a.j.t.JMeterThread: Thread finished: Thread Group 1-16
2024-05-09 19:23:28,845 INFO o.a.j.t.JMeterThread: Thread is done: Thread Group 1-66
2024-05-09 19:23:28,845 INFO o.a.j.t.JMeterThread: Thread finished: Thread Group 1-66
2024-05-09 19:23:28,857 INFO o.a.j.t.JMeterThread: Thread is done: Thread Group 1-137
2024-05-09 19:23:28,857 INFO o.a.j.t.JMeterThread: Thread finished: Thread Group 1-137
2024-05-09 19:23:28,887 INFO o.a.j.t.JMeterThread: Thread is done: Thread Group 1-138
2024-05-09 19:23:28,887 INFO o.a.j.t.JMeterThread: Thread finished: Thread Group 1-138
2024-05-09 19:23:28,887 INFO o.a.j.t.JMeterThread: Thread is done: Thread Group 1-74
2024-05-09 19:23:28,887 INFO o.a.j.t.JMeterThread: Thread finished: Thread Group 1-74
2024-05-09 19:23:28,970 INFO o.a.j.t.JMeterThread: Thread is done: Thread Group 1-165
2024-05-09 19:23:28,970 INFO o.a.j.t.JMeterThread: Thread finished: Thread Group 1-165
2024-05-09 19:23:29,062 INFO o.a.j.t.JMeterThread: Thread is done: Thread Group 1-136
2024-05-09 19:23:29,062 INFO o.a.j.t.JMeterThread: Thread finished: Thread Group 1-136
2024-05-09 19:23:29,094 INFO o.a.j.t.JMeterThread: Thread is done: Thread Group 1-164
2024-05-09 19:23:29,094 INFO o.a.j.t.JMeterThread: Thread finished: Thread Group 1-164
2024-05-09 19:23:29,102 INFO o.a.j.t.JMeterThread: Thread is done: Thread Group 1-150
2024-05-09 19:23:29,102 INFO o.a.j.t.JMeterThread: Thread finished: Thread Group 1-150
2024-05-09 19:23:29,119 INFO o.a.j.t.JMeterThread: Thread is done: Thread Group 1-186
2024-05-09 19:23:29,119 INFO o.a.j.t.JMeterThread: Thread finished: Thread Group 1-186
2024-05-09 19:23:29,125 INFO o.a.j.t.JMeterThread: Thread is done: Thread Group 1-185
2024-05-09 19:23:29,125 INFO o.a.j.t.JMeterThread: Thread finished: Thread Group 1-185
2024-05-09 19:23:29,147 INFO o.a.j.t.JMeterThread: Thread is done: Thread Group 1-184
2024-05-09 19:23:29,147 INFO o.a.j.t.JMeterThread: Thread finished: Thread Group 1-184
2024-05-09 19:23:29,171 INFO o.a.j.t.JMeterThread: Thread is done: Thread Group 1-108
2024-05-09 19:23:29,171 INFO o.a.j.t.JMeterThread: Thread finished: Thread Group 1-108
2024-05-09 19:23:29,220 INFO o.a.j.t.JMeterThread: Thread is done: Thread Group 1-27
2024-05-09 19:23:29,220 INFO o.a.j.t.JMeterThread: Thread finished: Thread Group 1-27
2024-05-09 19:23:29,288 INFO o.a.j.t.JMeterThread: Thread is done: Thread Group 1-160
2024-05-09 19:23:29,288 INFO o.a.j.t.JMeterThread: Thread finished: Thread Group 1-160
2024-05-09 19:23:29,326 INFO o.a.j.t.JMeterThread: Thread is done: Thread Group 1-161
2024-05-09 19:23:29,326 INFO o.a.j.t.JMeterThread: Thread finished: Thread Group 1-161
2024-05-09 19:23:29,570 INFO o.a.j.t.JMeterThread: Thread is done: Thread Group 1-139
2024-05-09 19:23:29,570 INFO o.a.j.t.JMeterThread: Thread finished: Thread Group 1-139
2024-05-09 19:23:29,847 INFO o.a.j.t.JMeterThread: Thread is done: Thread Group 1-29
2024-05-09 19:23:29,847 INFO o.a.j.t.JMeterThread: Thread finished: Thread Group 1-29
2024-05-09 19:23:29,858 INFO o.a.j.t.JMeterThread: Thread is done: Thread Group 1-15
2024-05-09 19:23:29,858 INFO o.a.j.t.JMeterThread: Thread finished: Thread Group 1-15
2024-05-09 19:23:29,861 INFO o.a.j.t.JMeterThread: Thread is done: Thread Group 1-156
2024-05-09 19:23:29,861 INFO o.a.j.t.JMeterThread: Thread finished: Thread Group 1-156
2024-05-09 19:23:29,875 INFO o.a.j.t.JMeterThread: Thread is done: Thread Group 1-31
2024-05-09 19:23:29,876 INFO o.a.j.t.JMeterThread: Thread finished: Thread Group 1-31
2024-05-09 19:23:29,888 INFO o.a.j.t.JMeterThread: Thread is done: Thread Group 1-22
2024-05-09 19:23:29,888 INFO o.a.j.t.JMeterThread: Thread finished: Thread Group 1-22
2024-05-09 19:23:29,907 INFO o.a.j.t.JMeterThread: Thread is done: Thread Group 1-79
2024-05-09 19:23:29,907 INFO o.a.j.t.JMeterThread: Thread finished: Thread Group 1-79
2024-05-09 19:23:29,932 INFO o.a.j.t.JMeterThread: Thread is done: Thread Group 1-82
2024-05-09 19:23:29,932 INFO o.a.j.t.JMeterThread: Thread finished: Thread Group 1-82
2024-05-09 19:23:29,965 INFO o.a.j.t.JMeterThread: Thread is done: Thread Group 1-145
2024-05-09 19:23:29,965 INFO o.a.j.t.JMeterThread: Thread finished: Thread Group 1-145
2024-05-09 19:23:29,983 INFO o.a.j.t.JMeterThread: Thread is done: Thread Group 1-50
2024-05-09 19:23:29,983 INFO o.a.j.t.JMeterThread: Thread finished: Thread Group 1-50
2024-05-09 19:23:30,007 INFO o.a.j.r.Summariser: summary +    504 in 00:00:08 =   60.3/s Avg:  1746 Min:    45 Max:  8142 Err:     0 (0.00%) Active: 40 Started: 200 Finished: 160
2024-05-09 19:23:30,008 INFO o.a.j.t.JMeterThread: Thread is done: Thread Group 1-10
2024-05-09 19:23:30,008 INFO o.a.j.t.JMeterThread: Thread finished: Thread Group 1-10
2024-05-09 19:23:30,054 INFO o.a.j.t.JMeterThread: Thread is done: Thread Group 1-62
2024-05-09 19:23:30,054 INFO o.a.j.t.JMeterThread: Thread finished: Thread Group 1-62
2024-05-09 19:23:30,071 INFO o.a.j.t.JMeterThread: Thread is done: Thread Group 1-45
2024-05-09 19:23:30,071 INFO o.a.j.t.JMeterThread: Thread finished: Thread Group 1-45
2024-05-09 19:23:30,121 INFO o.a.j.t.JMeterThread: Thread is done: Thread Group 1-88
2024-05-09 19:23:30,121 INFO o.a.j.t.JMeterThread: Thread finished: Thread Group 1-88
2024-05-09 19:23:30,200 INFO o.a.j.t.JMeterThread: Thread is done: Thread Group 1-197
2024-05-09 19:23:30,200 INFO o.a.j.t.JMeterThread: Thread finished: Thread Group 1-197
2024-05-09 19:23:30,203 INFO o.a.j.t.JMeterThread: Thread is done: Thread Group 1-194
2024-05-09 19:23:30,203 INFO o.a.j.t.JMeterThread: Thread finished: Thread Group 1-194
2024-05-09 19:23:30,205 INFO o.a.j.t.JMeterThread: Thread is done: Thread Group 1-195
2024-05-09 19:23:30,205 INFO o.a.j.t.JMeterThread: Thread finished: Thread Group 1-195
2024-05-09 19:23:30,234 INFO o.a.j.t.JMeterThread: Thread is done: Thread Group 1-196
2024-05-09 19:23:30,234 INFO o.a.j.t.JMeterThread: Thread finished: Thread Group 1-196
2024-05-09 19:23:30,296 INFO o.a.j.t.JMeterThread: Thread is done: Thread Group 1-38
2024-05-09 19:23:30,296 INFO o.a.j.t.JMeterThread: Thread finished: Thread Group 1-38
2024-05-09 19:23:30,393 INFO o.a.j.t.JMeterThread: Thread is done: Thread Group 1-36
2024-05-09 19:23:30,393 INFO o.a.j.t.JMeterThread: Thread finished: Thread Group 1-36
2024-05-09 19:23:30,503 INFO o.a.j.t.JMeterThread: Thread is done: Thread Group 1-25
2024-05-09 19:23:30,503 INFO o.a.j.t.JMeterThread: Thread finished: Thread Group 1-25
2024-05-09 19:23:30,540 INFO o.a.j.t.JMeterThread: Thread is done: Thread Group 1-64
2024-05-09 19:23:30,540 INFO o.a.j.t.JMeterThread: Thread finished: Thread Group 1-64
2024-05-09 19:23:30,558 INFO o.a.j.t.JMeterThread: Thread is done: Thread Group 1-47
2024-05-09 19:23:30,558 INFO o.a.j.t.JMeterThread: Thread finished: Thread Group 1-47
2024-05-09 19:23:30,598 INFO o.a.j.t.JMeterThread: Thread is done: Thread Group 1-65
2024-05-09 19:23:30,598 INFO o.a.j.t.JMeterThread: Thread finished: Thread Group 1-65
2024-05-09 19:23:30,666 INFO o.a.j.t.JMeterThread: Thread is done: Thread Group 1-70
2024-05-09 19:23:30,666 INFO o.a.j.t.JMeterThread: Thread finished: Thread Group 1-70
2024-05-09 19:23:31,394 INFO o.a.j.t.JMeterThread: Thread is done: Thread Group 1-23
2024-05-09 19:23:31,394 INFO o.a.j.t.JMeterThread: Thread finished: Thread Group 1-23
2024-05-09 19:23:31,666 INFO o.a.j.t.JMeterThread: Thread is done: Thread Group 1-103
2024-05-09 19:23:31,666 INFO o.a.j.t.JMeterThread: Thread finished: Thread Group 1-103
2024-05-09 19:23:31,674 INFO o.a.j.t.JMeterThread: Thread is done: Thread Group 1-102
2024-05-09 19:23:31,674 INFO o.a.j.t.JMeterThread: Thread finished: Thread Group 1-102
2024-05-09 19:23:31,835 INFO o.a.j.t.JMeterThread: Thread is done: Thread Group 1-143
2024-05-09 19:23:31,835 INFO o.a.j.t.JMeterThread: Thread finished: Thread Group 1-143
2024-05-09 19:23:31,851 INFO o.a.j.t.JMeterThread: Thread is done: Thread Group 1-141
2024-05-09 19:23:31,851 INFO o.a.j.t.JMeterThread: Thread finished: Thread Group 1-141
2024-05-09 19:23:31,874 INFO o.a.j.t.JMeterThread: Thread is done: Thread Group 1-142
2024-05-09 19:23:31,874 INFO o.a.j.t.JMeterThread: Thread finished: Thread Group 1-142
2024-05-09 19:23:31,957 INFO o.a.j.t.JMeterThread: Thread is done: Thread Group 1-107
2024-05-09 19:23:31,957 INFO o.a.j.t.JMeterThread: Thread finished: Thread Group 1-107
2024-05-09 19:23:32,064 INFO o.a.j.t.JMeterThread: Thread is done: Thread Group 1-188
2024-05-09 19:23:32,064 INFO o.a.j.t.JMeterThread: Thread finished: Thread Group 1-188
2024-05-09 19:23:32,067 INFO o.a.j.t.JMeterThread: Thread is done: Thread Group 1-190
2024-05-09 19:23:32,067 INFO o.a.j.t.JMeterThread: Thread finished: Thread Group 1-190
2024-05-09 19:23:32,095 INFO o.a.j.t.JMeterThread: Thread is done: Thread Group 1-151
2024-05-09 19:23:32,095 INFO o.a.j.t.JMeterThread: Thread finished: Thread Group 1-151
2024-05-09 19:23:32,106 INFO o.a.j.t.JMeterThread: Thread is done: Thread Group 1-189
2024-05-09 19:23:32,106 INFO o.a.j.t.JMeterThread: Thread finished: Thread Group 1-189
2024-05-09 19:23:32,109 INFO o.a.j.t.JMeterThread: Thread is done: Thread Group 1-191
2024-05-09 19:23:32,109 INFO o.a.j.t.JMeterThread: Thread finished: Thread Group 1-191
2024-05-09 19:23:32,376 INFO o.a.j.t.JMeterThread: Thread is done: Thread Group 1-18
2024-05-09 19:23:32,376 INFO o.a.j.t.JMeterThread: Thread finished: Thread Group 1-18
2024-05-09 19:23:32,472 INFO o.a.j.t.JMeterThread: Thread is done: Thread Group 1-174
2024-05-09 19:23:32,472 INFO o.a.j.t.JMeterThread: Thread finished: Thread Group 1-174
2024-05-09 19:23:32,842 INFO o.a.j.t.JMeterThread: Thread is done: Thread Group 1-114
2024-05-09 19:23:32,842 INFO o.a.j.t.JMeterThread: Thread finished: Thread Group 1-114
2024-05-09 19:23:33,053 INFO o.a.j.t.JMeterThread: Thread is done: Thread Group 1-158
2024-05-09 19:23:33,053 INFO o.a.j.t.JMeterThread: Thread finished: Thread Group 1-158
2024-05-09 19:23:33,201 INFO o.a.j.t.JMeterThread: Thread is done: Thread Group 1-166
2024-05-09 19:23:33,201 INFO o.a.j.t.JMeterThread: Thread finished: Thread Group 1-166
2024-05-09 19:23:33,231 INFO o.a.j.t.JMeterThread: Thread is done: Thread Group 1-78
2024-05-09 19:23:33,231 INFO o.a.j.t.JMeterThread: Thread finished: Thread Group 1-78
2024-05-09 19:23:33,251 INFO o.a.j.t.JMeterThread: Thread is done: Thread Group 1-159
2024-05-09 19:23:33,251 INFO o.a.j.t.JMeterThread: Thread finished: Thread Group 1-159
2024-05-09 19:23:33,254 INFO o.a.j.t.JMeterThread: Thread is done: Thread Group 1-71
2024-05-09 19:23:33,254 INFO o.a.j.t.JMeterThread: Thread finished: Thread Group 1-71
2024-05-09 19:23:33,268 INFO o.a.j.t.JMeterThread: Thread is done: Thread Group 1-5
2024-05-09 19:23:33,268 INFO o.a.j.t.JMeterThread: Thread finished: Thread Group 1-5
2024-05-09 19:23:33,288 INFO o.a.j.t.JMeterThread: Thread is done: Thread Group 1-54
2024-05-09 19:23:33,288 INFO o.a.j.t.JMeterThread: Thread finished: Thread Group 1-54
2024-05-09 19:23:33,347 INFO o.a.j.t.JMeterThread: Thread is done: Thread Group 1-1
2024-05-09 19:23:33,347 INFO o.a.j.t.JMeterThread: Thread finished: Thread Group 1-1
2024-05-09 19:23:35,835 INFO o.a.j.t.JMeterThread: Thread is done: Thread Group 1-57
2024-05-09 19:23:35,835 INFO o.a.j.t.JMeterThread: Thread finished: Thread Group 1-57
2024-05-09 19:23:38,359 INFO o.a.j.t.JMeterThread: Thread is done: Thread Group 1-198
2024-05-09 19:23:38,359 INFO o.a.j.t.JMeterThread: Thread finished: Thread Group 1-198
2024-05-09 19:23:38,359 INFO o.a.j.e.StandardJMeterEngine: Notifying test listeners of end of test
2024-05-09 19:23:38,359 INFO o.a.j.r.Summariser: summary +     96 in 00:00:08 =   11.5/s Avg:  2663 Min:    46 Max: 15528 Err:     0 (0.00%) Active: 0 Started: 200 Finished: 200
2024-05-09 19:23:38,360 INFO o.a.j.r.Summariser: summary =    600 in 00:00:17 =   35.9/s Avg:  1893 Min:    45 Max: 15528 Err:     0 (0.00%)
2024-05-09 19:23:38,360 INFO o.a.j.JMeter: Generating Dashboard
2024-05-09 19:23:38,360 INFO o.a.j.r.d.ReportGenerator: Flushing result collector before report Generation
2024-05-09 19:23:38,367 INFO o.a.j.r.p.NormalizerSampleConsumer: Using format, 'ms', to parse timeStamp field
2024-05-09 19:23:38,427 INFO o.a.j.r.p.AbstractSampleConsumer: class org.apache.jmeter.report.processor.AggregateConsumer#stopProducing(): beginDate produced 0 samples
2024-05-09 19:23:38,427 INFO o.a.j.r.p.AbstractSampleConsumer: class org.apache.jmeter.report.processor.AggregateConsumer#stopProducing(): endDate produced 0 samples
2024-05-09 19:23:38,428 INFO o.a.j.r.p.AbstractSampleConsumer: class org.apache.jmeter.report.processor.ApdexSummaryConsumer#stopProducing(): apdexSummary produced 0 samples
2024-05-09 19:23:38,428 INFO o.a.j.r.p.AbstractSampleConsumer: class org.apache.jmeter.report.processor.RequestsSummaryConsumer#stopProducing(): requestsSummary produced 0 samples
2024-05-09 19:23:38,431 INFO o.a.j.r.p.AbstractSampleConsumer: class org.apache.jmeter.report.processor.StatisticsSummaryConsumer#stopProducing(): statisticsSummary produced 0 samples
2024-05-09 19:23:38,431 INFO o.a.j.r.p.AbstractSampleConsumer: class org.apache.jmeter.report.processor.Top5ErrorsBySamplerConsumer#stopProducing(): top5ErrorsBySampler produced 0 samples
2024-05-09 19:23:38,432 INFO o.a.j.r.p.AbstractSampleConsumer: class org.apache.jmeter.report.processor.ErrorsSummaryConsumer#stopProducing(): errorsSummary produced 0 samples
2024-05-09 19:23:38,432 INFO o.a.j.r.p.AbstractSampleConsumer: class org.apache.jmeter.report.processor.graph.impl.HitsPerSecondGraphConsumer#stopProducing(): hitsPerSecond produced 0 samples
2024-05-09 19:23:38,444 INFO o.a.j.r.p.AbstractSampleConsumer: class org.apache.jmeter.report.processor.graph.impl.LatencyVSRequestGraphConsumer#stopProducing(): latencyVsRequest produced 0 samples
2024-05-09 19:23:38,444 INFO o.a.j.r.p.AbstractSampleConsumer: class org.apache.jmeter.report.processor.graph.impl.SyntheticResponseTimeDistributionGraphConsumer#stopProducing(): syntheticResponseTimeDistribution produced 0 samples
2024-05-09 19:23:38,444 INFO o.a.j.r.p.AbstractSampleConsumer: class org.apache.jmeter.report.processor.graph.impl.BytesThroughputGraphConsumer#stopProducing(): bytesThroughputOverTime produced 0 samples
2024-05-09 19:23:38,444 INFO o.a.j.r.p.AbstractSampleConsumer: class org.apache.jmeter.report.processor.graph.impl.CodesPerSecondGraphConsumer#stopProducing(): codesPerSecond produced 0 samples
2024-05-09 19:23:38,450 INFO o.a.j.r.p.AbstractSampleConsumer: class org.apache.jmeter.report.processor.graph.impl.ResponseTimeVSRequestGraphConsumer#stopProducing(): responseTimeVsRequest produced 0 samples
2024-05-09 19:23:38,450 INFO o.a.j.r.p.AbstractSampleConsumer: class org.apache.jmeter.report.processor.FilterConsumer#stopProducing(): startIntervalControlerFilter produced 7000 samples
2024-05-09 19:23:38,450 INFO o.a.j.r.p.AbstractSampleConsumer: class org.apache.jmeter.report.processor.graph.impl.TotalTPSGraphConsumer#stopProducing(): totalTPS produced 0 samples
2024-05-09 19:23:38,450 INFO o.a.j.r.p.AbstractSampleConsumer: class org.apache.jmeter.report.processor.graph.impl.ActiveThreadsGraphConsumer#stopProducing(): activeThreadsOverTime produced 0 samples
2024-05-09 19:23:38,450 INFO o.a.j.r.p.AbstractSampleConsumer: class org.apache.jmeter.report.processor.graph.impl.TimeVSThreadGraphConsumer#stopProducing(): timeVsThreads produced 0 samples
2024-05-09 19:23:38,450 INFO o.a.j.r.p.AbstractSampleConsumer: class org.apache.jmeter.report.processor.graph.impl.ResponseTimeDistributionGraphConsumer#stopProducing(): responseTimeDistribution produced 0 samples
2024-05-09 19:23:38,451 INFO o.a.j.r.p.AbstractSampleConsumer: class org.apache.jmeter.report.processor.graph.impl.TransactionsPerSecondGraphConsumer#stopProducing(): transactionsPerSecond produced 0 samples
2024-05-09 19:23:38,451 INFO o.a.j.r.p.AbstractSampleConsumer: class org.apache.jmeter.report.processor.graph.impl.ResponseTimePercentilesGraphConsumer#stopProducing(): responseTimePercentiles produced 0 samples
2024-05-09 19:23:38,452 INFO o.a.j.r.p.AbstractSampleConsumer: class org.apache.jmeter.report.processor.graph.impl.ResponseTimePercentilesOverTimeGraphConsumer#stopProducing(): responseTimePercentilesOverTime produced 0 samples
2024-05-09 19:23:38,452 INFO o.a.j.r.p.AbstractSampleConsumer: class org.apache.jmeter.report.processor.graph.impl.ResponseTimeOverTimeGraphConsumer#stopProducing(): responseTimesOverTime produced 0 samples
2024-05-09 19:23:38,452 INFO o.a.j.r.p.AbstractSampleConsumer: class org.apache.jmeter.report.processor.graph.impl.ConnectTimeOverTimeGraphConsumer#stopProducing(): connectTimeOverTime produced 0 samples
2024-05-09 19:23:38,452 INFO o.a.j.r.p.AbstractSampleConsumer: class org.apache.jmeter.report.processor.graph.impl.LatencyOverTimeGraphConsumer#stopProducing(): latenciesOverTime produced 0 samples
2024-05-09 19:23:38,452 INFO o.a.j.r.p.AbstractSampleConsumer: class org.apache.jmeter.report.processor.FilterConsumer#stopProducing(): nameFilter produced 15000 samples
2024-05-09 19:23:38,452 INFO o.a.j.r.p.AbstractSampleConsumer: class org.apache.jmeter.report.processor.FilterConsumer#stopProducing(): dateRangeFilter produced 3000 samples
2024-05-09 19:23:38,452 INFO o.a.j.r.p.AbstractSampleConsumer: class org.apache.jmeter.report.processor.NormalizerSampleConsumer#stopProducing(): normalizer produced 1000 samples
2024-05-09 19:23:38,452 INFO o.a.j.r.p.CsvFileSampleSource: produce(): 1000 samples produced in 73ms on channel 0
2024-05-09 19:23:38,452 INFO o.a.j.r.d.ReportGenerator: Exporting data using exporter:'json' of className:'org.apache.jmeter.report.dashboard.JsonExporter'
2024-05-09 19:23:38,501 INFO o.a.j.r.d.JsonExporter: Found data for consumer statisticsSummaryin context
2024-05-09 19:23:38,502 INFO o.a.j.r.d.JsonExporter: Creating statistics for overall
2024-05-09 19:23:38,502 INFO o.a.j.r.d.JsonExporter: Creating statistics for other transactions
2024-05-09 19:23:38,502 INFO o.a.j.r.d.JsonExporter: Checking output folder
2024-05-09 19:23:38,502 INFO o.a.j.r.d.JsonExporter: Writing statistics JSON to C:\Users\rayte\OneDrive\Documentos\jmeter\dashboard\statistics.json
2024-05-09 19:23:38,525 INFO o.a.j.r.d.ReportGenerator: Exporting data using exporter:'html' of className:'org.apache.jmeter.report.dashboard.HtmlTemplateExporter'
2024-05-09 19:23:38,527 INFO o.a.j.r.d.HtmlTemplateExporter: Will generate dashboard in folder: C:\Users\rayte\OneDrive\Documentos\jmeter\dashboard
2024-05-09 19:23:38,581 INFO o.a.j.r.d.HtmlTemplateExporter: Report will be generated in: C:\Users\rayte\OneDrive\Documentos\jmeter\dashboard, creating folder structure
2024-05-09 19:23:38,582 INFO o.a.j.r.d.TemplateVisitor: Copying folder from 'C:\jmeter\bin\report-template' to 'C:\Users\rayte\OneDrive\Documentos\jmeter\dashboard', got message: C:\Users\rayte\OneDrive\Documentos\jmeter\dashboard, found non empty folder with following content [C:\Users\rayte\OneDrive\Documentos\jmeter\dashboard\statistics.json], will be ignored
2024-05-09 19:23:38,789 INFO o.a.j.JMeter: Dashboard generated
